Arguments: 
  C:\Program Files\nodejs\node.exe C:\Program Files (x86)\Yarn\bin\yarn.js init

PATH: 
  C:\Python310\Scripts\;C:\Python310\;C:\Program Files\Common Files\Oracle\Java\javapath;C:\Program Files (x86)\VMware\VMware Workstation\bin\;C:\Program Files (x86)\Common Files\Oracle\Java\javapath;C:\Windows\system32;C:\Windows;C:\Windows\System32\Wbem;C:\Windows\System32\WindowsPowerShell\v1.0\;C:\Windows\System32\OpenSSH\;C:\Program Files\Git\cmd;C:\Program Files (x86)\Yarn\bin\;C:\Users\Andrey\AppData\Roaming\nvm;C:\Program Files\nodejs;C:\ProgramData\chocolatey\bin;C:\Program Files\PuTTY\;C:\Python27;;C:\Program Files\Docker\Docker\resources\bin;C:\ProgramData\DockerDesktop\version-bin;C:\Users\Andrey/.local/bin;C:\Users\Andrey\AppData\Local\Programs\Python\Python39\Scripts\;C:\Users\Andrey\AppData\Local\Programs\Python\Python39\;C:\Users\Andrey\AppData\Local\Programs\Python\Python37\Scripts\;C:\Users\Andrey\AppData\Local\Programs\Python\Python37\;C:\Users\Andrey\AppData\Local\Microsoft\WindowsApps;C:\Users\Andrey\AppData\Local\Programs\Microsoft VS Code\bin;C:\Users\Andrey\AppData\Local\Yarn\bin;C:\src\flutter\bin;C:\Program Files\JetBrains\WebStorm 2020.3.3\bin;C:\Users\Andrey\AppData\Roaming\nvm;C:\;C:\Users\Andrey\AppData\Local\atom\bin;C:\tools\dart-sdk\bin;C:\Users\Andrey\AppData\Roaming\Pub\Cache\bin;C:\tools\flutter\bin;C:\Python27;C:\Users\Andrey\AppData\Roaming\npm;C:\Users\Andrey\AppData\Roaming\nvm;C:\Program Files\nodejs;C:\Program Files (x86)\Brackets\;C:\ffmpeg;

Yarn version: 
  1.22.5

Node version: 
  14.18.0

Platform: 
  win32 x64

Trace: 
  Error: canceled
      at Interface.<anonymous> (C:\Program Files (x86)\Yarn\lib\cli.js:137009:13)
      at Interface.emit (events.js:400:28)
      at Interface._ttyWrite (readline.js:1001:16)
      at ReadStream.onkeypress (readline.js:265:10)
      at ReadStream.emit (events.js:400:28)
      at emitKeys (internal/readline/utils.js:358:14)
      at emitKeys.next (<anonymous>)
      at ReadStream.onData (readline.js:1270:36)
      at ReadStream.emit (events.js:400:28)
      at addChunk (internal/streams/readable.js:293:12)

npm manifest: 
  No manifest

yarn manifest: 
  No manifest

Lockfile: 
  No lockfile
